Device: mps
Number of trainable parameters in the current model: 31043521
Epoch: [1][0/74]	Time 2.772 (2.772)	Loss -0.2172 (-0.2172)
Epoch: [1][1/74]	Time 3.004 (5.776)	Loss -0.2084 (-0.2128)
Epoch: [1][2/74]	Time 3.247 (9.023)	Loss -0.2235 (-0.2163)
Epoch: [1][3/74]	Time 3.246 (12.269)	Loss -0.2532 (-0.2256)
Epoch: [1][4/74]	Time 3.246 (15.516)	Loss -0.1971 (-0.2199)
Epoch: [1][5/74]	Time 3.158 (18.674)	Loss -0.2998 (-0.2332)
Epoch: [1][6/74]	Time 3.160 (21.834)	Loss -0.3511 (-0.2500)
Epoch: [1][7/74]	Time 3.178 (25.012)	Loss -0.3212 (-0.2589)
Epoch: [1][8/74]	Time 3.130 (28.142)	Loss -0.3348 (-0.2674)
Epoch: [1][9/74]	Time 3.144 (31.286)	Loss -0.3472 (-0.2753)
Epoch: [1][10/74]	Time 3.145 (34.431)	Loss -0.3894 (-0.2857)
Epoch: [1][11/74]	Time 3.208 (37.639)	Loss -0.3395 (-0.2902)
Epoch: [1][12/74]	Time 3.204 (40.844)	Loss -0.3786 (-0.2970)
Epoch: [1][13/74]	Time 3.248 (44.092)	Loss -0.3797 (-0.3029)
Epoch: [1][14/74]	Time 3.258 (47.349)	Loss -0.3907 (-0.3088)
Epoch: [1][15/74]	Time 3.300 (50.650)	Loss -0.3837 (-0.3134)
Epoch: [1][16/74]	Time 3.344 (53.993)	Loss -0.4131 (-0.3193)
Epoch: [1][17/74]	Time 3.241 (57.234)	Loss -0.3827 (-0.3228)
Epoch: [1][18/74]	Time 3.308 (60.542)	Loss -0.3879 (-0.3263)
Epoch: [1][19/74]	Time 3.226 (63.768)	Loss -0.3936 (-0.3296)
Epoch: [1][20/74]	Time 3.272 (67.040)	Loss -0.4571 (-0.3357)
Epoch: [1][21/74]	Time 3.229 (70.269)	Loss -0.4627 (-0.3415)
Epoch: [1][22/74]	Time 3.248 (73.517)	Loss -0.4864 (-0.3478)
Epoch: [1][23/74]	Time 3.265 (76.783)	Loss -0.4417 (-0.3517)
Epoch: [1][24/74]	Time 3.250 (80.033)	Loss -0.4598 (-0.3560)
Epoch: [1][25/74]	Time 3.184 (83.217)	Loss -0.4037 (-0.3578)
Epoch: [1][26/74]	Time 3.308 (86.525)	Loss -0.4881 (-0.3627)
Epoch: [1][27/74]	Time 3.374 (89.899)	Loss -0.4992 (-0.3675)
Epoch: [1][28/74]	Time 3.325 (93.224)	Loss -0.5088 (-0.3724)
Epoch: [1][29/74]	Time 3.350 (96.574)	Loss -0.5410 (-0.3780)
Epoch: [1][30/74]	Time 3.483 (100.056)	Loss -0.4946 (-0.3818)
Epoch: [1][31/74]	Time 3.292 (103.349)	Loss -0.4988 (-0.3854)
Epoch: [1][32/74]	Time 3.225 (106.574)	Loss -0.5123 (-0.3893)
Epoch: [1][33/74]	Time 3.264 (109.838)	Loss -0.4251 (-0.3903)
Epoch: [1][34/74]	Time 3.174 (113.012)	Loss -0.4448 (-0.3919)
Epoch: [1][35/74]	Time 3.149 (116.160)	Loss -0.5199 (-0.3955)
Epoch: [1][36/74]	Time 3.154 (119.315)	Loss -0.5094 (-0.3985)
Epoch: [1][37/74]	Time 3.297 (122.612)	Loss -0.4098 (-0.3988)
Epoch: [1][38/74]	Time 3.254 (125.866)	Loss -0.4892 (-0.4011)
Epoch: [1][39/74]	Time 3.169 (129.035)	Loss -0.5104 (-0.4039)
Epoch: [1][40/74]	Time 3.247 (132.282)	Loss -0.5006 (-0.4062)
Epoch: [1][41/74]	Time 3.304 (135.586)	Loss -0.4914 (-0.4083)
Epoch: [1][42/74]	Time 3.354 (138.940)	Loss -0.5563 (-0.4117)
Epoch: [1][43/74]	Time 3.254 (142.194)	Loss -0.5207 (-0.4142)
Epoch: [1][44/74]	Time 3.632 (145.827)	Loss -0.5331 (-0.4168)
Epoch: [1][45/74]	Time 3.281 (149.108)	Loss -0.5296 (-0.4193)
Epoch: [1][46/74]	Time 3.201 (152.309)	Loss -0.5267 (-0.4216)
Epoch: [1][47/74]	Time 3.190 (155.498)	Loss -0.5072 (-0.4233)
Epoch: [1][48/74]	Time 3.279 (158.777)	Loss -0.5316 (-0.4256)
Epoch: [1][49/74]	Time 3.293 (162.070)	Loss -0.4720 (-0.4265)
Epoch: [1][50/74]	Time 3.245 (165.315)	Loss -0.4903 (-0.4277)
Epoch: [1][51/74]	Time 3.309 (168.624)	Loss -0.5382 (-0.4299)
Epoch: [1][52/74]	Time 3.255 (171.879)	Loss -0.5356 (-0.4319)
Epoch: [1][53/74]	Time 3.386 (175.265)	Loss -0.5440 (-0.4339)
Epoch: [1][54/74]	Time 3.275 (178.540)	Loss -0.5265 (-0.4356)
Epoch: [1][55/74]	Time 3.241 (181.781)	Loss -0.5415 (-0.4375)
Epoch: [1][56/74]	Time 3.195 (184.976)	Loss -0.5411 (-0.4393)
Epoch: [1][57/74]	Time 3.367 (188.343)	Loss -0.5412 (-0.4411)
Epoch: [1][58/74]	Time 3.244 (191.588)	Loss -0.4918 (-0.4419)
Epoch: [1][59/74]	Time 3.408 (194.996)	Loss -0.4793 (-0.4426)
Epoch: [1][60/74]	Time 3.285 (198.281)	Loss -0.4960 (-0.4434)
Epoch: [1][61/74]	Time 3.269 (201.550)	Loss -0.4649 (-0.4438)
Epoch: [1][62/74]	Time 3.257 (204.807)	Loss -0.4902 (-0.4445)
Epoch: [1][63/74]	Time 3.222 (208.029)	Loss -0.4609 (-0.4448)
Epoch: [1][64/74]	Time 3.174 (211.202)	Loss -0.5386 (-0.4462)
Epoch: [1][65/74]	Time 3.171 (214.373)	Loss -0.5298 (-0.4475)
Epoch: [1][66/74]	Time 3.141 (217.515)	Loss -0.5930 (-0.4497)
Epoch: [1][67/74]	Time 3.180 (220.694)	Loss -0.5356 (-0.4509)
Epoch: [1][68/74]	Time 3.154 (223.848)	Loss -0.5602 (-0.4525)
Epoch: [1][69/74]	Time 3.208 (227.057)	Loss -0.5680 (-0.4542)
Epoch: [1][70/74]	Time 3.225 (230.281)	Loss -0.4943 (-0.4547)
Epoch: [1][71/74]	Time 3.218 (233.499)	Loss -0.5187 (-0.4556)
Epoch: [1][72/74]	Time 3.436 (236.936)	Loss -0.5202 (-0.4565)
Epoch: [1][73/74]	Time 3.210 (240.145)	Loss -0.5255 (-0.4574)
Snapshot saved to: snapshot_1.pth.tar
Average loss on training set at epoch 1: -0.45736974477767944
0
1
2
3
4
5
6
7
8
